  column_c.c
  common_c.c
  constraint_c.c
  error_c.c
  query_c.c
  select_c.c
C:\Users\Johnny\Documents\GitHub\c-orm\include\query_builder_common_c.h(27,15): error C2220: la siguiente advertencia se trata como un error (compilando archivo de origen src\common_c.c)
C:\Users\Johnny\Documents\GitHub\c-orm\include\query_builder_common_c.h(27,15): warning C4820: 'va_arg_wrap': '7' bytes de relleno agregados después de miembro de datos 'error' (compilando archivo de origen src\common_c.c)
C:\Users\Johnny\Documents\GitHub\c-orm\include\query_builder_constraint_c.h(10,39): warning C4820: 'query_builder_constraint': '4' bytes de relleno agregados después de miembro de datos 'name' (compilando archivo de origen src\common_c.c)
C:\Users\Johnny\Documents\GitHub\c-orm\include\query_builder_constraint_c.h(12,22): warning C4820: 'query_builder_constraint': '4' bytes de relleno agregados después de miembro de datos 'n_columns' (compilando archivo de origen src\common_c.c)
C:\Users\Johnny\Documents\GitHub\c-orm\include\query_builder_column_c.h(31,68): warning C4820: 'query_builder_column': '4' bytes de relleno agregados después de miembro de datos 'n_constraints' (compilando archivo de origen src\common_c.c)
C:\Users\Johnny\Documents\GitHub\c-orm\include\query_builder_table_c.h(17,13): warning C4820: 'query_builder_table_property': '4' bytes de relleno agregados después de miembro de datos 'type' (compilando archivo de origen src\common_c.c)
C:\Users\Johnny\Documents\GitHub\c-orm\include\query_builder_table_c.h(34,47): warning C4820: 'query_builder_table': '4' bytes de relleno agregados después de miembro de datos 'n_columns' (compilando archivo de origen src\common_c.c)
C:\Users\Johnny\Documents\GitHub\c-orm\include\query_builder_table_c.h(39,66): warning C4820: 'query_builder_table': '4' bytes de relleno agregados después de miembro de datos 'n_constraints' (compilando archivo de origen src\common_c.c)
C:\Users\Johnny\Documents\GitHub\c-orm\include\logging_c.h(23,14): error C2220: la siguiente advertencia se trata como un error (compilando archivo de origen src\error_c.c)
C:\Users\Johnny\Documents\GitHub\c-orm\include\logging_c.h(23,14): warning C4820: 'logging': '4' bytes de relleno agregados después de miembro de datos 'log_level' (compilando archivo de origen src\error_c.c)
C:\Users\Johnny\Documents\GitHub\c-orm\include\query_builder_common_c.h(27,15): warning C4820: 'va_arg_wrap': '7' bytes de relleno agregados después de miembro de datos 'error' (compilando archivo de origen src\error_c.c)
C:\Users\Johnny\Documents\GitHub\c-orm\include\query_builder_error_c.h(15,29): warning C4820: 'query_builder_error': '4' bytes de relleno agregados después de miembro de datos 'code' (compilando archivo de origen src\error_c.c)
C:\Users\Johnny\Documents\GitHub\c-orm\src\error_c.c(11,1): error C2099: el inicializador no es una constante
C:\Users\Johnny\Documents\GitHub\c-orm\src\error_c.c(52,9): warning C4996: 'strerror': This function or variable may be unsafe. Consider using strerror_s instead. To disable deprecation, use _CRT_SECURE_NO_WARNINGS. See online help for details.
C:\Users\Johnny\Documents\GitHub\c-orm\src\error_c.c(61,53): warning C4996: 'strerror': This function or variable may be unsafe. Consider using strerror_s instead. To disable deprecation, use _CRT_SECURE_NO_WARNINGS. See online help for details.
C:\Users\Johnny\Documents\GitHub\c-orm\src\error_c.c(72,53): warning C4996: 'strerror': This function or variable may be unsafe. Consider using strerror_s instead. To disable deprecation, use _CRT_SECURE_NO_WARNINGS. See online help for details.
C:\Users\Johnny\Documents\GitHub\c-orm\include\logging_c.h(23,14): error C2220: la siguiente advertencia se trata como un error (compilando archivo de origen src\select_c.c)
C:\Users\Johnny\Documents\GitHub\c-orm\include\logging_c.h(23,14): warning C4820: 'logging': '4' bytes de relleno agregados después de miembro de datos 'log_level' (compilando archivo de origen src\select_c.c)
C:\Users\Johnny\Documents\GitHub\c-orm\include\logging_c.h(23,14): error C2220: la siguiente advertencia se trata como un error (compilando archivo de origen src\column_c.c)
C:\Users\Johnny\Documents\GitHub\c-orm\include\logging_c.h(23,14): warning C4820: 'logging': '4' bytes de relleno agregados después de miembro de datos 'log_level' (compilando archivo de origen src\column_c.c)
C:\Users\Johnny\Documents\GitHub\c-orm\include\query_builder_common_c.h(27,15): warning C4820: 'va_arg_wrap': '7' bytes de relleno agregados después de miembro de datos 'error' (compilando archivo de origen src\select_c.c)
C:\Users\Johnny\Documents\GitHub\c-orm\include\query_builder_error_c.h(15,29): warning C4820: 'query_builder_error': '4' bytes de relleno agregados después de miembro de datos 'code' (compilando archivo de origen src\column_c.c)
C:\Users\Johnny\Documents\GitHub\c-orm\include\query_builder_common_c.h(27,15): warning C4820: 'va_arg_wrap': '7' bytes de relleno agregados después de miembro de datos 'error' (compilando archivo de origen src\column_c.c)
C:\Users\Johnny\Documents\GitHub\c-orm\include\query_builder_constraint_c.h(10,39): warning C4820: 'query_builder_constraint': '4' bytes de relleno agregados después de miembro de datos 'name' (compilando archivo de origen src\select_c.c)
C:\Users\Johnny\Documents\GitHub\c-orm\include\query_builder_constraint_c.h(12,22): warning C4820: 'query_builder_constraint': '4' bytes de relleno agregados después de miembro de datos 'n_columns' (compilando archivo de origen src\select_c.c)
C:\Users\Johnny\Documents\GitHub\c-orm\include\query_builder_column_c.h(31,68): warning C4820: 'query_builder_column': '4' bytes de relleno agregados después de miembro de datos 'n_constraints' (compilando archivo de origen src\select_c.c)
C:\Users\Johnny\Documents\GitHub\c-orm\include\query_builder_constraint_c.h(10,39): warning C4820: 'query_builder_constraint': '4' bytes de relleno agregados después de miembro de datos 'name' (compilando archivo de origen src\column_c.c)
C:\Users\Johnny\Documents\GitHub\c-orm\include\query_builder_constraint_c.h(12,22): warning C4820: 'query_builder_constraint': '4' bytes de relleno agregados después de miembro de datos 'n_columns' (compilando archivo de origen src\column_c.c)
C:\Users\Johnny\Documents\GitHub\c-orm\include\query_builder_table_c.h(17,13): warning C4820: 'query_builder_table_property': '4' bytes de relleno agregados después de miembro de datos 'type' (compilando archivo de origen src\select_c.c)
C:\Users\Johnny\Documents\GitHub\c-orm\include\query_builder_table_c.h(34,47): warning C4820: 'query_builder_table': '4' bytes de relleno agregados después de miembro de datos 'n_columns' (compilando archivo de origen src\select_c.c)
C:\Users\Johnny\Documents\GitHub\c-orm\include\query_builder_table_c.h(39,66): warning C4820: 'query_builder_table': '4' bytes de relleno agregados después de miembro de datos 'n_constraints' (compilando archivo de origen src\select_c.c)
C:\Users\Johnny\Documents\GitHub\c-orm\include\query_builder_column_c.h(31,68): warning C4820: 'query_builder_column': '4' bytes de relleno agregados después de miembro de datos 'n_constraints' (compilando archivo de origen src\column_c.c)
C:\Users\Johnny\Documents\GitHub\c-orm\include\query_builder_query_c.h(23,34): warning C4820: 'query': '4' bytes de relleno agregados después de miembro de datos 'type' (compilando archivo de origen src\select_c.c)
C:\Users\Johnny\Documents\GitHub\c-orm\include\query_builder_table_c.h(17,13): warning C4820: 'query_builder_table_property': '4' bytes de relleno agregados después de miembro de datos 'type' (compilando archivo de origen src\column_c.c)
C:\Users\Johnny\Documents\GitHub\c-orm\include\query_builder_table_c.h(34,47): warning C4820: 'query_builder_table': '4' bytes de relleno agregados después de miembro de datos 'n_columns' (compilando archivo de origen src\column_c.c)
C:\Users\Johnny\Documents\GitHub\c-orm\include\query_builder_table_c.h(39,66): warning C4820: 'query_builder_table': '4' bytes de relleno agregados después de miembro de datos 'n_constraints' (compilando archivo de origen src\column_c.c)
C:\Users\Johnny\Documents\GitHub\c-orm\src\select_c.c(21,40): warning C4996: 'strerror': This function or variable may be unsafe. Consider using strerror_s instead. To disable deprecation, use _CRT_SECURE_NO_WARNINGS. See online help for details.
C:\Users\Johnny\Documents\GitHub\c-orm\src\select_c.c(42,40): warning C4996: 'strerror': This function or variable may be unsafe. Consider using strerror_s instead. To disable deprecation, use _CRT_SECURE_NO_WARNINGS. See online help for details.
C:\Users\Johnny\Documents\GitHub\c-orm\src\column_c.c(22,25): warning C4996: 'strerror': This function or variable may be unsafe. Consider using strerror_s instead. To disable deprecation, use _CRT_SECURE_NO_WARNINGS. See online help for details.
C:\Users\Johnny\Documents\GitHub\c-orm\src\column_c.c(41,25): warning C4996: 'strerror': This function or variable may be unsafe. Consider using strerror_s instead. To disable deprecation, use _CRT_SECURE_NO_WARNINGS. See online help for details.
C:\Users\Johnny\Documents\GitHub\c-orm\src\column_c.c(58,25): warning C4996: 'strerror': This function or variable may be unsafe. Consider using strerror_s instead. To disable deprecation, use _CRT_SECURE_NO_WARNINGS. See online help for details.
C:\Users\Johnny\Documents\GitHub\c-orm\src\column_c.c(126,14): error C2143: error de sintaxis: falta ')' delante de '*'
C:\Users\Johnny\Documents\GitHub\c-orm\src\column_c.c(126,14): error C2059: error de sintaxis: ')'
C:\Users\Johnny\Documents\GitHub\c-orm\src\column_c.c(126,14): error C2100: direccionamiento indirecto no válido
C:\Users\Johnny\Documents\GitHub\c-orm\src\column_c.c(126,14): warning C4306: 'conversión de tipo': conversión de 'char' a 'constraint_type (__cdecl *)(void)' de mayor tamaño
C:\Users\Johnny\Documents\GitHub\c-orm\src\column_c.c(126,56): warning C4306: 'conversión de tipo': conversión de 'char' a 'constraint_type (__cdecl *)(void)' de mayor tamaño
C:\Users\Johnny\Documents\GitHub\c-orm\src\column_c.c(126,56): error C2143: error de sintaxis: falta ')' delante de ';'
C:\Users\Johnny\Documents\GitHub\c-orm\src\column_c.c(110,25): warning C4996: 'strerror': This function or variable may be unsafe. Consider using strerror_s instead. To disable deprecation, use _CRT_SECURE_NO_WARNINGS. See online help for details.
C:\Users\Johnny\Documents\GitHub\c-orm\src\column_c.c(140,25): warning C4996: 'strerror': This function or variable may be unsafe. Consider using strerror_s instead. To disable deprecation, use _CRT_SECURE_NO_WARNINGS. See online help for details.
C:\Users\Johnny\Documents\GitHub\c-orm\include\logging_c.h(23,14): error C2220: la siguiente advertencia se trata como un error (compilando archivo de origen src\query_c.c)
C:\Users\Johnny\Documents\GitHub\c-orm\include\logging_c.h(23,14): warning C4820: 'logging': '4' bytes de relleno agregados después de miembro de datos 'log_level' (compilando archivo de origen src\query_c.c)
C:\Users\Johnny\Documents\GitHub\c-orm\include\query_builder_common_c.h(27,15): warning C4820: 'va_arg_wrap': '7' bytes de relleno agregados después de miembro de datos 'error' (compilando archivo de origen src\query_c.c)
C:\Users\Johnny\Documents\GitHub\c-orm\include\query_builder_constraint_c.h(10,39): warning C4820: 'query_builder_constraint': '4' bytes de relleno agregados después de miembro de datos 'name' (compilando archivo de origen src\query_c.c)
C:\Users\Johnny\Documents\GitHub\c-orm\include\query_builder_constraint_c.h(12,22): warning C4820: 'query_builder_constraint': '4' bytes de relleno agregados después de miembro de datos 'n_columns' (compilando archivo de origen src\query_c.c)
C:\Users\Johnny\Documents\GitHub\c-orm\include\query_builder_column_c.h(31,68): warning C4820: 'query_builder_column': '4' bytes de relleno agregados después de miembro de datos 'n_constraints' (compilando archivo de origen src\query_c.c)
C:\Users\Johnny\Documents\GitHub\c-orm\include\query_builder_table_c.h(17,13): warning C4820: 'query_builder_table_property': '4' bytes de relleno agregados después de miembro de datos 'type' (compilando archivo de origen src\query_c.c)
C:\Users\Johnny\Documents\GitHub\c-orm\include\query_builder_table_c.h(34,47): warning C4820: 'query_builder_table': '4' bytes de relleno agregados después de miembro de datos 'n_columns' (compilando archivo de origen src\query_c.c)
C:\Users\Johnny\Documents\GitHub\c-orm\include\query_builder_table_c.h(39,66): warning C4820: 'query_builder_table': '4' bytes de relleno agregados después de miembro de datos 'n_constraints' (compilando archivo de origen src\query_c.c)
C:\Users\Johnny\Documents\GitHub\c-orm\include\query_builder_query_c.h(23,34): warning C4820: 'query': '4' bytes de relleno agregados después de miembro de datos 'type' (compilando archivo de origen src\query_c.c)
C:\Users\Johnny\Documents\GitHub\c-orm\src\query_c.c(32,39): warning C4996: 'strerror': This function or variable may be unsafe. Consider using strerror_s instead. To disable deprecation, use _CRT_SECURE_NO_WARNINGS. See online help for details.
C:\Users\Johnny\Documents\GitHub\c-orm\src\query_c.c(40,39): warning C4996: 'strerror': This function or variable may be unsafe. Consider using strerror_s instead. To disable deprecation, use _CRT_SECURE_NO_WARNINGS. See online help for details.
C:\Users\Johnny\Documents\GitHub\c-orm\src\query_c.c(48,39): warning C4996: 'strerror': This function or variable may be unsafe. Consider using strerror_s instead. To disable deprecation, use _CRT_SECURE_NO_WARNINGS. See online help for details.
C:\Users\Johnny\Documents\GitHub\c-orm\include\logging_c.h(23,14): error C2220: la siguiente advertencia se trata como un error (compilando archivo de origen src\constraint_c.c)
C:\Users\Johnny\Documents\GitHub\c-orm\include\logging_c.h(23,14): warning C4820: 'logging': '4' bytes de relleno agregados después de miembro de datos 'log_level' (compilando archivo de origen src\constraint_c.c)
C:\Users\Johnny\Documents\GitHub\c-orm\include\query_builder_error_c.h(15,29): warning C4820: 'query_builder_error': '4' bytes de relleno agregados después de miembro de datos 'code' (compilando archivo de origen src\constraint_c.c)
C:\Users\Johnny\Documents\GitHub\c-orm\include\query_builder_common_c.h(27,15): warning C4820: 'va_arg_wrap': '7' bytes de relleno agregados después de miembro de datos 'error' (compilando archivo de origen src\constraint_c.c)
C:\Users\Johnny\Documents\GitHub\c-orm\include\query_builder_constraint_c.h(10,39): warning C4820: 'query_builder_constraint': '4' bytes de relleno agregados después de miembro de datos 'name' (compilando archivo de origen src\constraint_c.c)
C:\Users\Johnny\Documents\GitHub\c-orm\include\query_builder_constraint_c.h(12,22): warning C4820: 'query_builder_constraint': '4' bytes de relleno agregados después de miembro de datos 'n_columns' (compilando archivo de origen src\constraint_c.c)
C:\Users\Johnny\Documents\GitHub\c-orm\include\query_builder_column_c.h(31,68): warning C4820: 'query_builder_column': '4' bytes de relleno agregados después de miembro de datos 'n_constraints' (compilando archivo de origen src\constraint_c.c)
C:\Users\Johnny\Documents\GitHub\c-orm\src\constraint_c.c(13,1): error C2059: error de sintaxis: '['
C:\Users\Johnny\Documents\GitHub\c-orm\src\constraint_c.c(45,1): error C2059: error de sintaxis: '['
C:\Users\Johnny\Documents\GitHub\c-orm\src\constraint_c.c(64,1): error C2059: error de sintaxis: '['
  table_c.c
C:\Users\Johnny\Documents\GitHub\c-orm\include\logging_c.h(23,14): error C2220: la siguiente advertencia se trata como un error (compilando archivo de origen src\table_c.c)
C:\Users\Johnny\Documents\GitHub\c-orm\include\logging_c.h(23,14): warning C4820: 'logging': '4' bytes de relleno agregados después de miembro de datos 'log_level' (compilando archivo de origen src\table_c.c)
C:\Users\Johnny\Documents\GitHub\c-orm\include\query_builder_common_c.h(27,15): warning C4820: 'va_arg_wrap': '7' bytes de relleno agregados después de miembro de datos 'error' (compilando archivo de origen src\table_c.c)
C:\Users\Johnny\Documents\GitHub\c-orm\include\query_builder_error_c.h(15,29): warning C4820: 'query_builder_error': '4' bytes de relleno agregados después de miembro de datos 'code' (compilando archivo de origen src\table_c.c)
C:\Users\Johnny\Documents\GitHub\c-orm\include\query_builder_constraint_c.h(10,39): warning C4820: 'query_builder_constraint': '4' bytes de relleno agregados después de miembro de datos 'name' (compilando archivo de origen src\table_c.c)
C:\Users\Johnny\Documents\GitHub\c-orm\include\query_builder_constraint_c.h(12,22): warning C4820: 'query_builder_constraint': '4' bytes de relleno agregados después de miembro de datos 'n_columns' (compilando archivo de origen src\table_c.c)
C:\Users\Johnny\Documents\GitHub\c-orm\include\query_builder_column_c.h(31,68): warning C4820: 'query_builder_column': '4' bytes de relleno agregados después de miembro de datos 'n_constraints' (compilando archivo de origen src\table_c.c)
C:\Users\Johnny\Documents\GitHub\c-orm\include\query_builder_table_c.h(17,13): warning C4820: 'query_builder_table_property': '4' bytes de relleno agregados después de miembro de datos 'type' (compilando archivo de origen src\table_c.c)
C:\Users\Johnny\Documents\GitHub\c-orm\include\query_builder_table_c.h(34,47): warning C4820: 'query_builder_table': '4' bytes de relleno agregados después de miembro de datos 'n_columns' (compilando archivo de origen src\table_c.c)
C:\Users\Johnny\Documents\GitHub\c-orm\include\query_builder_table_c.h(39,66): warning C4820: 'query_builder_table': '4' bytes de relleno agregados después de miembro de datos 'n_constraints' (compilando archivo de origen src\table_c.c)
C:\Users\Johnny\Documents\GitHub\c-orm\src\table_c.c(36,37): warning C4152: extensión no estándar; conversión de puntero a función/datos en la expresión
C:\Users\Johnny\Documents\GitHub\c-orm\src\table_c.c(51,25): warning C4996: 'strerror': This function or variable may be unsafe. Consider using strerror_s instead. To disable deprecation, use _CRT_SECURE_NO_WARNINGS. See online help for details.
C:\Users\Johnny\Documents\GitHub\c-orm\src\table_c.c(77,40): warning C4996: 'strerror': This function or variable may be unsafe. Consider using strerror_s instead. To disable deprecation, use _CRT_SECURE_NO_WARNINGS. See online help for details.
C:\Users\Johnny\Documents\GitHub\c-orm\src\table_c.c(84,40): warning C4996: 'strerror': This function or variable may be unsafe. Consider using strerror_s instead. To disable deprecation, use _CRT_SECURE_NO_WARNINGS. See online help for details.
C:\Users\Johnny\Documents\GitHub\c-orm\src\table_c.c(115,39): warning C4996: 'strerror': This function or variable may be unsafe. Consider using strerror_s instead. To disable deprecation, use _CRT_SECURE_NO_WARNINGS. See online help for details.
C:\Users\Johnny\Documents\GitHub\c-orm\src\table_c.c(124,25): warning C4996: 'strerror': This function or variable may be unsafe. Consider using strerror_s instead. To disable deprecation, use _CRT_SECURE_NO_WARNINGS. See online help for details.
C:\Users\Johnny\Documents\GitHub\c-orm\src\table_c.c(148,25): warning C4996: 'strerror': This function or variable may be unsafe. Consider using strerror_s instead. To disable deprecation, use _CRT_SECURE_NO_WARNINGS. See online help for details.
C:\Users\Johnny\Documents\GitHub\c-orm\src\table_c.c(177,25): warning C4996: 'strerror': This function or variable may be unsafe. Consider using strerror_s instead. To disable deprecation, use _CRT_SECURE_NO_WARNINGS. See online help for details.
C:\Users\Johnny\Documents\GitHub\c-orm\src\table_c.c(184,25): warning C4996: 'strerror': This function or variable may be unsafe. Consider using strerror_s instead. To disable deprecation, use _CRT_SECURE_NO_WARNINGS. See online help for details.
C:\Users\Johnny\Documents\GitHub\c-orm\src\table_c.c(208,25): warning C4996: 'strerror': This function or variable may be unsafe. Consider using strerror_s instead. To disable deprecation, use _CRT_SECURE_NO_WARNINGS. See online help for details.
C:\Users\Johnny\Documents\GitHub\c-orm\src\table_c.c(215,25): warning C4996: 'strerror': This function or variable may be unsafe. Consider using strerror_s instead. To disable deprecation, use _CRT_SECURE_NO_WARNINGS. See online help for details.
C:\Users\Johnny\Documents\GitHub\c-orm\src\table_c.c(237,25): warning C4996: 'strerror': This function or variable may be unsafe. Consider using strerror_s instead. To disable deprecation, use _CRT_SECURE_NO_WARNINGS. See online help for details.
C:\Users\Johnny\Documents\GitHub\c-orm\src\table_c.c(269,35): warning C4013: 'strerror_r' sin definir; se supone que extern devuelve como resultado int
